Build started 07/02/2020 23:22:13.
Logging verbosity is set to: Normal.     1>Project "C:\Users\dmg\C++\repos\pv-creativity\pv-commandline\pv-commandline.vcxproj" on node 3 (Build target(s)).
     1>C:\Program Files (x86)\Microsoft Visual Studio\2019\Community\MSBuild\Microsoft\VC\v160\Microsoft.CppBuild.targets(445,5): warning MSB8004: Output Directory does not end with a trailing slash.  This build instance will add the slash as it is required to allow proper evaluation of the Output Directory.
     1>InitializeBuildStatus:
         Touching "Release\pv-commandline.tlog\unsuccessfulbuild".
       VcpkgTripletSelection:
         Using triplet "x86-windows" from "C:\Users\dmg\C++\vcpkg\installed\x86-windows\"
       ClCompile:
         C:\Program Files (x86)\Microsoft Visual Studio\2019\Community\VC\Tools\MSVC\14.24.28314\bin\HostX86\x86\CL.exe /c /I"C:\Users\dmg\C++\vcpkg\installed\x86-windows\include" /Zi /nologo /W3 /WX- /diagnostics:column /sdl /O2 /Oi /Oy- /GL /D WIN32 /D NDEBUG /D _CONSOLE /D _UNICODE /D UNICODE /Gm- /EHsc /MD /GS /Gy /fp:precise /permissive- /Zc:wchar_t /Zc:forScope /Zc:inline /Fo"Release\\" /Fd"Release\vc142.pdb" /Gd /TP /analyze- /FC /errorReport:prompt ..\src\lib\irradiance_fp.cpp ..\src\lib\panel_irradiance.cpp ..\src\lib\panel_pv_fp.cpp ..\src\lib\sun_fp.cpp ..\src\pv_commandline\pv_commandline.cpp
         irradiance_fp.cpp
         panel_irradiance.cpp
     1>C:\Users\dmg\C++\repos\pv-creativity\src\lib\panel_irradiance.cpp(24,43): error C2653: 'irradiance': is not a class or namespace name
     1>C:\Users\dmg\C++\repos\pv-creativity\src\lib\panel_irradiance.cpp(24,31): error C3861: 'compute_G_on': identifier not found
     1>C:\Users\dmg\C++\repos\pv-creativity\src\lib\panel_irradiance.cpp(25,43): error C2653: 'irradiance': is not a class or namespace name
     1>C:\Users\dmg\C++\repos\pv-creativity\src\lib\panel_irradiance.cpp(25,31): error C3861: 'compute_G_oH': identifier not found
     1>C:\Users\dmg\C++\repos\pv-creativity\src\lib\panel_irradiance.cpp(27,49): error C2653: 'irradiance': is not a class or namespace name
     1>C:\Users\dmg\C++\repos\pv-creativity\src\lib\panel_irradiance.cpp(27,34): error C3861: 'compute_H_o_rad': identifier not found
     1>C:\Users\dmg\C++\repos\pv-creativity\src\lib\panel_irradiance.cpp(28,41): error C2653: 'irradiance': is not a class or namespace name
     1>C:\Users\dmg\C++\repos\pv-creativity\src\lib\panel_irradiance.cpp(28,30): error C3861: 'compute_H_o': identifier not found
     1>C:\Users\dmg\C++\repos\pv-creativity\src\lib\panel_irradiance.cpp(29,51): error C2653: 'irradiance': is not a class or namespace name
     1>C:\Users\dmg\C++\repos\pv-creativity\src\lib\panel_irradiance.cpp(29,35): error C3861: 'compute_r_ground': identifier not found
     1>C:\Users\dmg\C++\repos\pv-creativity\src\lib\panel_irradiance.cpp(30,37): error C2653: 'irradiance': is not a class or namespace name
     1>C:\Users\dmg\C++\repos\pv-creativity\src\lib\panel_irradiance.cpp(30,28): error C3861: 'compute_H': identifier not found
     1>C:\Users\dmg\C++\repos\pv-creativity\src\lib\panel_irradiance.cpp(31,37): error C2653: 'irradiance': is not a class or namespace name
     1>C:\Users\dmg\C++\repos\pv-creativity\src\lib\panel_irradiance.cpp(31,28): error C3861: 'compute_r': identifier not found
     1>C:\Users\dmg\C++\repos\pv-creativity\src\lib\panel_irradiance.cpp(32,37): error C2653: 'irradiance': is not a class or namespace name
     1>C:\Users\dmg\C++\repos\pv-creativity\src\lib\panel_irradiance.cpp(32,28): error C3861: 'compute_G': identifier not found
     1>C:\Users\dmg\C++\repos\pv-creativity\src\lib\panel_irradiance.cpp(33,41): error C2653: 'irradiance': is not a class or namespace name
     1>C:\Users\dmg\C++\repos\pv-creativity\src\lib\panel_irradiance.cpp(33,30): error C3861: 'compute_G_B': identifier not found
     1>C:\Users\dmg\C++\repos\pv-creativity\src\lib\panel_irradiance.cpp(34,41): error C2653: 'irradiance': is not a class or namespace name
     1>C:\Users\dmg\C++\repos\pv-creativity\src\lib\panel_irradiance.cpp(34,30): error C3861: 'compute_G_D': identifier not found
     1>C:\Users\dmg\C++\repos\pv-creativity\src\lib\panel_irradiance.cpp(37,24): error C3861: 'compute_cos_theta': identifier not found
     1>C:\Users\dmg\C++\repos\pv-creativity\src\lib\panel_irradiance.cpp(38,18): error C3861: 'compute_R_B': identifier not found
     1>C:\Users\dmg\C++\repos\pv-creativity\src\lib\panel_irradiance.cpp(39,16): error C3861: 'compute_M': identifier not found
     1>C:\Users\dmg\C++\repos\pv-creativity\src\lib\panel_irradiance.cpp(40,22): error C3861: 'compute_theta_r': identifier not found
     1>C:\Users\dmg\C++\repos\pv-creativity\src\lib\panel_irradiance.cpp(41,24): error C3861: 'compute_theta_e_D': identifier not found
     1>C:\Users\dmg\C++\repos\pv-creativity\src\lib\panel_irradiance.cpp(42,25): error C3861: 'compute_taualpha_B': identifier not found
     1>C:\Users\dmg\C++\repos\pv-creativity\src\lib\panel_irradiance.cpp(43,25): error C3861: 'compute_taualpha_D': identifier not found
     1>C:\Users\dmg\C++\repos\pv-creativity\src\lib\panel_irradiance.cpp(44,25): error C3861: 'compute_taualpha_n': identifier not found
     1>C:\Users\dmg\C++\repos\pv-creativity\src\lib\panel_irradiance.cpp(45,24): error C3861: 'compute_K_theta_B': identifier not found
     1>C:\Users\dmg\C++\repos\pv-creativity\src\lib\panel_irradiance.cpp(46,24): error C3861: 'compute_K_theta_D': identifier not found
         panel_pv_fp.cpp
         sun_fp.cpp
         pv_commandline.cpp
     1>C:\Users\dmg\C++\repos\pv-creativity\src\pv_commandline\pv_commandline.cpp(145,112): error C2143: syntax error: missing ';' before 'std::endl'
     1>C:\Users\dmg\C++\repos\pv-creativity\src\pv_commandline\pv_commandline.cpp(145,112): warning C4551: function call missing argument list
     1>C:\Users\dmg\C++\repos\pv-creativity\src\pv_commandline\pv_commandline.cpp(146,104): error C2143: syntax error: missing ';' before 'std::endl'
     1>C:\Users\dmg\C++\repos\pv-creativity\src\pv_commandline\pv_commandline.cpp(146,104): warning C4551: function call missing argument list
     1>C:\Users\dmg\C++\repos\pv-creativity\src\pv_commandline\pv_commandline.cpp(147,104): error C2143: syntax error: missing ';' before 'std::endl'
     1>C:\Users\dmg\C++\repos\pv-creativity\src\pv_commandline\pv_commandline.cpp(147,104): warning C4551: function call missing argument list
     1>C:\Users\dmg\C++\repos\pv-creativity\src\pv_commandline\pv_commandline.cpp(148,110): error C2143: syntax error: missing ';' before 'std::endl'
     1>C:\Users\dmg\C++\repos\pv-creativity\src\pv_commandline\pv_commandline.cpp(148,110): warning C4551: function call missing argument list
     1>C:\Users\dmg\C++\repos\pv-creativity\src\pv_commandline\pv_commandline.cpp(149,112): error C2143: syntax error: missing ';' before 'std::endl'
     1>C:\Users\dmg\C++\repos\pv-creativity\src\pv_commandline\pv_commandline.cpp(149,112): warning C4551: function call missing argument list
     1>C:\Users\dmg\C++\repos\pv-creativity\src\pv_commandline\pv_commandline.cpp(152,48): error C2065: 'post': undeclared identifier
     1>C:\Users\dmg\C++\repos\pv-creativity\src\pv_commandline\pv_commandline.cpp(152,88): error C2065: 'post': undeclared identifier
     1>C:\Users\dmg\C++\repos\pv-creativity\src\pv_commandline\pv_commandline.cpp(152,138): error C2143: syntax error: missing ';' before 'std::endl'
     1>C:\Users\dmg\C++\repos\pv-creativity\src\pv_commandline\pv_commandline.cpp(152,138): warning C4551: function call missing argument list
     1>C:\Users\dmg\C++\repos\pv-creativity\src\pv_commandline\pv_commandline.cpp(153,48): error C2065: 'post': undeclared identifier
     1>C:\Users\dmg\C++\repos\pv-creativity\src\pv_commandline\pv_commandline.cpp(153,73): error C2065: 'post': undeclared identifier
     1>C:\Users\dmg\C++\repos\pv-creativity\src\pv_commandline\pv_commandline.cpp(153,118): error C2143: syntax error: missing ';' before 'std::endl'
     1>C:\Users\dmg\C++\repos\pv-creativity\src\pv_commandline\pv_commandline.cpp(153,118): warning C4551: function call missing argument list
     1>C:\Users\dmg\C++\repos\pv-creativity\src\pv_commandline\pv_commandline.cpp(167,33): error C2065: 'n_refraction_index': undeclared identifier
     1>C:\Users\dmg\C++\repos\pv-creativity\src\pv_commandline\pv_commandline.cpp(168,16): error C2065: 'K': undeclared identifier
     1>C:\Users\dmg\C++\repos\pv-creativity\src\pv_commandline\pv_commandline.cpp(169,24): error C2065: 'thickness': undeclared identifier
     1>C:\Users\dmg\C++\repos\pv-creativity\src\pv_commandline\pv_commandline.cpp(170,17): error C2065: 'alpha_0': undeclared identifier
     1>C:\Users\dmg\C++\repos\pv-creativity\src\pv_commandline\pv_commandline.cpp(171,17): error C2065: 'alpha_1': undeclared identifier
     1>C:\Users\dmg\C++\repos\pv-creativity\src\pv_commandline\pv_commandline.cpp(172,17): error C2065: 'alpha_2': undeclared identifier
     1>C:\Users\dmg\C++\repos\pv-creativity\src\pv_commandline\pv_commandline.cpp(173,17): error C2065: 'alpha_3': undeclared identifier
     1>C:\Users\dmg\C++\repos\pv-creativity\src\pv_commandline\pv_commandline.cpp(174,17): error C2065: 'alpha_4': undeclared identifier
     1>Done Building Project "C:\Users\dmg\C++\repos\pv-creativity\pv-commandline\pv-commandline.vcxproj" (Build target(s)) -- FAILED.

Build FAILED.

       "C:\Users\dmg\C++\repos\pv-creativity\pv-commandline\pv-commandline.vcxproj" (Build target) (1) ->
       (PrepareForBuild target) -> 
         C:\Program Files (x86)\Microsoft Visual Studio\2019\Community\MSBuild\Microsoft\VC\v160\Microsoft.CppBuild.targets(445,5): warning MSB8004: Output Directory does not end with a trailing slash.  This build instance will add the slash as it is required to allow proper evaluation of the Output Directory.


       "C:\Users\dmg\C++\repos\pv-creativity\pv-commandline\pv-commandline.vcxproj" (Build target) (1) ->
       (ClCompile target) -> 
         C:\Users\dmg\C++\repos\pv-creativity\src\pv_commandline\pv_commandline.cpp(145,112): warning C4551: function call missing argument list
         C:\Users\dmg\C++\repos\pv-creativity\src\pv_commandline\pv_commandline.cpp(146,104): warning C4551: function call missing argument list
         C:\Users\dmg\C++\repos\pv-creativity\src\pv_commandline\pv_commandline.cpp(147,104): warning C4551: function call missing argument list
         C:\Users\dmg\C++\repos\pv-creativity\src\pv_commandline\pv_commandline.cpp(148,110): warning C4551: function call missing argument list
         C:\Users\dmg\C++\repos\pv-creativity\src\pv_commandline\pv_commandline.cpp(149,112): warning C4551: function call missing argument list
         C:\Users\dmg\C++\repos\pv-creativity\src\pv_commandline\pv_commandline.cpp(152,138): warning C4551: function call missing argument list
         C:\Users\dmg\C++\repos\pv-creativity\src\pv_commandline\pv_commandline.cpp(153,118): warning C4551: function call missing argument list


       "C:\Users\dmg\C++\repos\pv-creativity\pv-commandline\pv-commandline.vcxproj" (Build target) (1) ->
       (ClCompile target) -> 
         C:\Users\dmg\C++\repos\pv-creativity\src\lib\panel_irradiance.cpp(24,43): error C2653: 'irradiance': is not a class or namespace name
         C:\Users\dmg\C++\repos\pv-creativity\src\lib\panel_irradiance.cpp(24,31): error C3861: 'compute_G_on': identifier not found
         C:\Users\dmg\C++\repos\pv-creativity\src\lib\panel_irradiance.cpp(25,43): error C2653: 'irradiance': is not a class or namespace name
         C:\Users\dmg\C++\repos\pv-creativity\src\lib\panel_irradiance.cpp(25,31): error C3861: 'compute_G_oH': identifier not found
         C:\Users\dmg\C++\repos\pv-creativity\src\lib\panel_irradiance.cpp(27,49): error C2653: 'irradiance': is not a class or namespace name
         C:\Users\dmg\C++\repos\pv-creativity\src\lib\panel_irradiance.cpp(27,34): error C3861: 'compute_H_o_rad': identifier not found
         C:\Users\dmg\C++\repos\pv-creativity\src\lib\panel_irradiance.cpp(28,41): error C2653: 'irradiance': is not a class or namespace name
         C:\Users\dmg\C++\repos\pv-creativity\src\lib\panel_irradiance.cpp(28,30): error C3861: 'compute_H_o': identifier not found
         C:\Users\dmg\C++\repos\pv-creativity\src\lib\panel_irradiance.cpp(29,51): error C2653: 'irradiance': is not a class or namespace name
         C:\Users\dmg\C++\repos\pv-creativity\src\lib\panel_irradiance.cpp(29,35): error C3861: 'compute_r_ground': identifier not found
         C:\Users\dmg\C++\repos\pv-creativity\src\lib\panel_irradiance.cpp(30,37): error C2653: 'irradiance': is not a class or namespace name
         C:\Users\dmg\C++\repos\pv-creativity\src\lib\panel_irradiance.cpp(30,28): error C3861: 'compute_H': identifier not found
         C:\Users\dmg\C++\repos\pv-creativity\src\lib\panel_irradiance.cpp(31,37): error C2653: 'irradiance': is not a class or namespace name
         C:\Users\dmg\C++\repos\pv-creativity\src\lib\panel_irradiance.cpp(31,28): error C3861: 'compute_r': identifier not found
         C:\Users\dmg\C++\repos\pv-creativity\src\lib\panel_irradiance.cpp(32,37): error C2653: 'irradiance': is not a class or namespace name
         C:\Users\dmg\C++\repos\pv-creativity\src\lib\panel_irradiance.cpp(32,28): error C3861: 'compute_G': identifier not found
         C:\Users\dmg\C++\repos\pv-creativity\src\lib\panel_irradiance.cpp(33,41): error C2653: 'irradiance': is not a class or namespace name
         C:\Users\dmg\C++\repos\pv-creativity\src\lib\panel_irradiance.cpp(33,30): error C3861: 'compute_G_B': identifier not found
         C:\Users\dmg\C++\repos\pv-creativity\src\lib\panel_irradiance.cpp(34,41): error C2653: 'irradiance': is not a class or namespace name
         C:\Users\dmg\C++\repos\pv-creativity\src\lib\panel_irradiance.cpp(34,30): error C3861: 'compute_G_D': identifier not found
         C:\Users\dmg\C++\repos\pv-creativity\src\lib\panel_irradiance.cpp(37,24): error C3861: 'compute_cos_theta': identifier not found
         C:\Users\dmg\C++\repos\pv-creativity\src\lib\panel_irradiance.cpp(38,18): error C3861: 'compute_R_B': identifier not found
         C:\Users\dmg\C++\repos\pv-creativity\src\lib\panel_irradiance.cpp(39,16): error C3861: 'compute_M': identifier not found
         C:\Users\dmg\C++\repos\pv-creativity\src\lib\panel_irradiance.cpp(40,22): error C3861: 'compute_theta_r': identifier not found
         C:\Users\dmg\C++\repos\pv-creativity\src\lib\panel_irradiance.cpp(41,24): error C3861: 'compute_theta_e_D': identifier not found
         C:\Users\dmg\C++\repos\pv-creativity\src\lib\panel_irradiance.cpp(42,25): error C3861: 'compute_taualpha_B': identifier not found
         C:\Users\dmg\C++\repos\pv-creativity\src\lib\panel_irradiance.cpp(43,25): error C3861: 'compute_taualpha_D': identifier not found
         C:\Users\dmg\C++\repos\pv-creativity\src\lib\panel_irradiance.cpp(44,25): error C3861: 'compute_taualpha_n': identifier not found
         C:\Users\dmg\C++\repos\pv-creativity\src\lib\panel_irradiance.cpp(45,24): error C3861: 'compute_K_theta_B': identifier not found
         C:\Users\dmg\C++\repos\pv-creativity\src\lib\panel_irradiance.cpp(46,24): error C3861: 'compute_K_theta_D': identifier not found
         C:\Users\dmg\C++\repos\pv-creativity\src\pv_commandline\pv_commandline.cpp(145,112): error C2143: syntax error: missing ';' before 'std::endl'
         C:\Users\dmg\C++\repos\pv-creativity\src\pv_commandline\pv_commandline.cpp(146,104): error C2143: syntax error: missing ';' before 'std::endl'
         C:\Users\dmg\C++\repos\pv-creativity\src\pv_commandline\pv_commandline.cpp(147,104): error C2143: syntax error: missing ';' before 'std::endl'
         C:\Users\dmg\C++\repos\pv-creativity\src\pv_commandline\pv_commandline.cpp(148,110): error C2143: syntax error: missing ';' before 'std::endl'
         C:\Users\dmg\C++\repos\pv-creativity\src\pv_commandline\pv_commandline.cpp(149,112): error C2143: syntax error: missing ';' before 'std::endl'
         C:\Users\dmg\C++\repos\pv-creativity\src\pv_commandline\pv_commandline.cpp(152,48): error C2065: 'post': undeclared identifier
         C:\Users\dmg\C++\repos\pv-creativity\src\pv_commandline\pv_commandline.cpp(152,88): error C2065: 'post': undeclared identifier
         C:\Users\dmg\C++\repos\pv-creativity\src\pv_commandline\pv_commandline.cpp(152,138): error C2143: syntax error: missing ';' before 'std::endl'
         C:\Users\dmg\C++\repos\pv-creativity\src\pv_commandline\pv_commandline.cpp(153,48): error C2065: 'post': undeclared identifier
         C:\Users\dmg\C++\repos\pv-creativity\src\pv_commandline\pv_commandline.cpp(153,73): error C2065: 'post': undeclared identifier
         C:\Users\dmg\C++\repos\pv-creativity\src\pv_commandline\pv_commandline.cpp(153,118): error C2143: syntax error: missing ';' before 'std::endl'
         C:\Users\dmg\C++\repos\pv-creativity\src\pv_commandline\pv_commandline.cpp(167,33): error C2065: 'n_refraction_index': undeclared identifier
         C:\Users\dmg\C++\repos\pv-creativity\src\pv_commandline\pv_commandline.cpp(168,16): error C2065: 'K': undeclared identifier
         C:\Users\dmg\C++\repos\pv-creativity\src\pv_commandline\pv_commandline.cpp(169,24): error C2065: 'thickness': undeclared identifier
         C:\Users\dmg\C++\repos\pv-creativity\src\pv_commandline\pv_commandline.cpp(170,17): error C2065: 'alpha_0': undeclared identifier
         C:\Users\dmg\C++\repos\pv-creativity\src\pv_commandline\pv_commandline.cpp(171,17): error C2065: 'alpha_1': undeclared identifier
         C:\Users\dmg\C++\repos\pv-creativity\src\pv_commandline\pv_commandline.cpp(172,17): error C2065: 'alpha_2': undeclared identifier
         C:\Users\dmg\C++\repos\pv-creativity\src\pv_commandline\pv_commandline.cpp(173,17): error C2065: 'alpha_3': undeclared identifier
         C:\Users\dmg\C++\repos\pv-creativity\src\pv_commandline\pv_commandline.cpp(174,17): error C2065: 'alpha_4': undeclared identifier

    8 Warning(s)
    49 Error(s)

Time Elapsed 00:00:03.67
